[INFO] Scanning for projects...
[INFO] 
[INFO] -----------------------< com.dipika:Kalakriti-2 >-----------------------
[INFO] Building Kalakriti-2 0.0.1-SNAPSHOT
[INFO]   from pom.xml
[INFO] --------------------------------[ jar ]---------------------------------
[INFO] 
[INFO] >>> spring-boot:3.2.2:run (default-cli) > test-compile @ Kalakriti-2 >>>
[INFO] 
[INFO] --- resources:3.3.1:resources (default-resources) @ Kalakriti-2 ---
[INFO] Copying 1 resource from src\main\resources to target\classes
[INFO] Copying 1 resource from src\main\resources to target\classes
[INFO] 
[INFO] --- compiler:3.11.0:compile (default-compile) @ Kalakriti-2 ---
[INFO] Changes detected - recompiling the module! :source
[INFO] Compiling 47 source files with javac [debug release 17] to target\classes
WARNING: A terminally deprecated method in sun.misc.Unsafe has been called
WARNING: sun.misc.Unsafe::objectFieldOffset has been called by lombok.permit.Permit
WARNING: Please consider reporting this to the maintainers of class lombok.permit.Permit
WARNING: sun.misc.Unsafe::objectFieldOffset will be removed in a future release
[INFO] -------------------------------------------------------------
[ERROR] COMPILATION ERROR : 
[INFO] -------------------------------------------------------------
[ERROR] /C:/Users/Hii/Desktop/Kalakriti/backend/src/main/java/com/dipika/kalakriti2/service/PaymentService.java:[37,16] reference to info is ambiguous
  both method info(java.lang.String,java.lang.Object...) in org.slf4j.Logger and method info(java.lang.String,java.lang.Throwable) in org.slf4j.Logger match
[INFO] 1 error
[INFO] -------------------------------------------------------------
[INFO] ------------------------------------------------------------------------
[INFO] BUILD FAILURE
[INFO] ------------------------------------------------------------------------
[INFO] Total time:  4.674 s
[INFO] Finished at: 2026-02-05T21:27:18+05:30
[INFO] ------------------------------------------------------------------------
[ERROR] Failed to execute goal org.apache.maven.plugins:maven-compiler-plugin:3.11.0:compile (default-compile) on project Kalakriti-2: Compilation failure
[ERROR] /C:/Users/Hii/Desktop/Kalakriti/backend/src/main/java/com/dipika/kalakriti2/service/PaymentService.java:[37,16] reference to info is ambiguous
[ERROR]   both method info(java.lang.String,java.lang.Object...) in org.slf4j.Logger and method info(java.lang.String,java.lang.Throwable) in org.slf4j.Logger match
[ERROR] 
[ERROR] -> [Help 1]
[ERROR] 
[ERROR] To see the full stack trace of the errors, re-run Maven with the -e switch.
[ERROR] Re-run Maven using the -X switch to enable full debug logging.
[ERROR] 
[ERROR] For more information about the errors and possible solutions, please read the following articles:
[ERROR] [Help 1] http://cwiki.apache.org/confluence/display/MAVEN/MojoFailureException
