[INFO] Scanning for projects...
[INFO] 
[INFO] -----------------------< com.dipika:Kalakriti-2 >-----------------------
[INFO] Building Kalakriti-2 0.0.1-SNAPSHOT
[INFO]   from pom.xml
[INFO] --------------------------------[ jar ]---------------------------------
[INFO] 
[INFO] >>> spring-boot:3.2.2:run (default-cli) > test-compile @ Kalakriti-2 >>>
[INFO] 
[INFO] --- resources:3.3.1:resources (default-resources) @ Kalakriti-2 ---
[INFO] Copying 1 resource from src\main\resources to target\classes
[INFO] Copying 1 resource from src\main\resources to target\classes
[INFO] 
[INFO] --- compiler:3.11.0:compile (default-compile) @ Kalakriti-2 ---
[INFO] Changes detected - recompiling the module! :source
[INFO] Compiling 43 source files with javac [debug release 17] to target\classes
[INFO] 
[INFO] --- resources:3.3.1:testResources (default-testResources) @ Kalakriti-2 ---
[INFO] skip non existing resourceDirectory C:\Users\Hii\Desktop\Kalakriti\backend\src\test\resources
[INFO] 
[INFO] --- compiler:3.11.0:testCompile (default-testCompile) @ Kalakriti-2 ---
[INFO] Changes detected - recompiling the module! :dependency
[INFO] Compiling 1 source file with javac [debug release 17] to target\test-classes
[INFO] 
[INFO] <<< spring-boot:3.2.2:run (default-cli) < test-compile @ Kalakriti-2 <<<
[INFO] 
[INFO] 
[INFO] --- spring-boot:3.2.2:run (default-cli) @ Kalakriti-2 ---
[INFO] Attaching agents: []

  .   ____          _            __ _ _
 /\\ / ___'_ __ _ _(_)_ __  __ _ \ \ \ \
( ( )\___ | '_ | '_| | '_ \/ _` | \ \ \ \
 \\/  ___)| |_)| | | | | || (_| |  ) ) ) )
  '  |____| .__|_| |_|_| |_\__, | / / / /
 =========|_|==============|___/=/_/_/_/
 :: Spring Boot ::                (v3.2.2)

2026-02-04T16:13:53.568+05:30  INFO 9288 --- [Kalakriti-2] [  restartedMain] c.d.kalakriti2.Kalakriti2Application     : Starting Kalakriti2Application using Java 25.0.1 with PID 9288 (C:\Users\Hii\Desktop\Kalakriti\backend\target\classes started by Hii in C:\Users\Hii\Desktop\Kalakriti\backend)
2026-02-04T16:13:53.569+05:30  INFO 9288 --- [Kalakriti-2] [  restartedMain] c.d.kalakriti2.Kalakriti2Application     : No active profile set, falling back to 1 default profile: "default"
2026-02-04T16:13:53.609+05:30  INFO 9288 --- [Kalakriti-2] [  restartedMain] .e.DevToolsPropertyDefaultsPostProcessor : Devtools property defaults active! Set 'spring.devtools.add-properties' to 'false' to disable
2026-02-04T16:13:53.609+05:30  INFO 9288 --- [Kalakriti-2] [  restartedMain] .e.DevToolsPropertyDefaultsPostProcessor : For additional web related logging consider setting the 'logging.level.web' property to 'DEBUG'
2026-02-04T16:13:54.047+05:30  INFO 9288 --- [Kalakriti-2] [  restartedMain] .s.d.r.c.RepositoryConfigurationDelegate : Bootstrapping Spring Data JPA repositories in DEFAULT mode.
2026-02-04T16:13:54.096+05:30  INFO 9288 --- [Kalakriti-2] [  restartedMain] .s.d.r.c.RepositoryConfigurationDelegate : Finished Spring Data repository scanning in 43 ms. Found 7 JPA repository interfaces.
WARNING: A restricted method in java.lang.System has been called
WARNING: java.lang.System::load has been called by org.apache.tomcat.jni.Library in an unnamed module (file:/C:/Users/Hii/.m2/repository/org/apache/tomcat/embed/tomcat-embed-core/10.1.18/tomcat-embed-core-10.1.18.jar)
WARNING: Use --enable-native-access=ALL-UNNAMED to avoid a warning for callers in this module
WARNING: Restricted methods will be blocked in a future release unless native access is enabled

2026-02-04T16:13:54.506+05:30  INFO 9288 --- [Kalakriti-2] [  restartedMain] o.s.b.w.embedded.tomcat.TomcatWebServer  : Tomcat initialized with port 8080 (http)
2026-02-04T16:13:54.514+05:30  INFO 9288 --- [Kalakriti-2] [  restartedMain] o.apache.catalina.core.StandardService   : Starting service [Tomcat]
2026-02-04T16:13:54.515+05:30  INFO 9288 --- [Kalakriti-2] [  restartedMain] o.apache.catalina.core.StandardEngine    : Starting Servlet engine: [Apache Tomcat/10.1.18]
2026-02-04T16:13:54.568+05:30  INFO 9288 --- [Kalakriti-2] [  restartedMain] o.a.c.c.C.[Tomcat].[localhost].[/]       : Initializing Spring embedded WebApplicationContext
2026-02-04T16:13:54.568+05:30  INFO 9288 --- [Kalakriti-2] [  restartedMain] w.s.c.ServletWebServerApplicationContext : Root WebApplicationContext: initialization completed in 958 ms
2026-02-04T16:13:54.681+05:30  INFO 9288 --- [Kalakriti-2] [  restartedMain] o.hibernate.jpa.internal.util.LogHelper  : HHH000204: Processing PersistenceUnitInfo [name: default]
2026-02-04T16:13:54.714+05:30  INFO 9288 --- [Kalakriti-2] [  restartedMain] org.hibernate.Version                    : HHH000412: Hibernate ORM core version 6.4.1.Final
2026-02-04T16:13:54.739+05:30  INFO 9288 --- [Kalakriti-2] [  restartedMain] o.h.c.internal.RegionFactoryInitiator    : HHH000026: Second-level cache disabled
2026-02-04T16:13:54.893+05:30  INFO 9288 --- [Kalakriti-2] [  restartedMain] o.s.o.j.p.SpringPersistenceUnitInfo      : No LoadTimeWeaver setup: ignoring JPA class transformer
2026-02-04T16:13:54.909+05:30  INFO 9288 --- [Kalakriti-2] [  restartedMain] com.zaxxer.hikari.HikariDataSource       : HikariPool-1 - Starting...
2026-02-04T16:13:55.135+05:30  INFO 9288 --- [Kalakriti-2] [  restartedMain] com.zaxxer.hikari.pool.HikariPool        : HikariPool-1 - Added connection com.mysql.cj.jdbc.ConnectionImpl@554ed726
2026-02-04T16:13:55.136+05:30  INFO 9288 --- [Kalakriti-2] [  restartedMain] com.zaxxer.hikari.HikariDataSource       : HikariPool-1 - Start completed.
2026-02-04T16:13:55.869+05:30  INFO 9288 --- [Kalakriti-2] [  restartedMain] o.h.e.t.j.p.i.JtaPlatformInitiator       : HHH000489: No JTA platform available (set 'hibernate.transaction.jta.platform' to enable JTA platform integration)
2026-02-04T16:13:55.925+05:30  INFO 9288 --- [Kalakriti-2] [  restartedMain] j.LocalContainerEntityManagerFactoryBean : Initialized JPA EntityManagerFactory for persistence unit 'default'
2026-02-04T16:13:56.193+05:30  INFO 9288 --- [Kalakriti-2] [  restartedMain] o.s.d.j.r.query.QueryEnhancerFactory     : Hibernate is in classpath; If applicable, HQL parser will be used.
2026-02-04T16:13:56.475+05:30  WARN 9288 --- [Kalakriti-2] [  restartedMain] JpaBaseConfiguration$JpaWebConfiguration : spring.jpa.open-in-view is enabled by default. Therefore, database queries may be performed during view rendering. Explicitly configure spring.jpa.open-in-view to disable this warning
2026-02-04T16:13:56.639+05:30  INFO 9288 --- [Kalakriti-2] [  restartedMain] o.s.s.web.DefaultSecurityFilterChain     : Will secure any request with [org.springframework.security.web.session.DisableEncodeUrlFilter@701cec04, org.springframework.security.web.context.request.async.WebAsyncManagerIntegrationFilter@6162db6f, org.springframework.security.web.context.SecurityContextHolderFilter@76fa33ec, org.springframework.security.web.header.HeaderWriterFilter@cc75013, org.springframework.web.filter.CorsFilter@211e2c12, org.springframework.web.filter.CorsFilter@4ceaacb2, org.springframework.security.web.authentication.logout.LogoutFilter@75a78545, com.dipika.kalakriti2.service.JwtFilter@22ac68de, org.springframework.security.web.savedrequest.RequestCacheAwareFilter@78d41ec0, org.springframework.security.web.servletapi.SecurityContextHolderAwareRequestFilter@d994cb, org.springframework.security.web.authentication.AnonymousAuthenticationFilter@5b0105e7, org.springframework.security.web.session.SessionManagementFilter@5e0254a7, org.springframework.security.web.access.ExceptionTranslationFilter@21833a48, org.springframework.security.web.access.intercept.AuthorizationFilter@43807796]
2026-02-04T16:13:56.787+05:30  WARN 9288 --- [Kalakriti-2] [  restartedMain] o.s.b.d.a.OptionalLiveReloadServer       : Unable to start LiveReload server
2026-02-04T16:13:56.799+05:30  WARN 9288 --- [Kalakriti-2] [  restartedMain] ConfigServletWebServerApplicationContext : Exception encountered during context initialization - cancelling refresh attempt: org.springframework.context.ApplicationContextException: Failed to start bean 'webServerStartStop'
2026-02-04T16:13:56.800+05:30  INFO 9288 --- [Kalakriti-2] [  restartedMain] j.LocalContainerEntityManagerFactoryBean : Closing JPA EntityManagerFactory for persistence unit 'default'
2026-02-04T16:13:56.802+05:30  INFO 9288 --- [Kalakriti-2] [  restartedMain] com.zaxxer.hikari.HikariDataSource       : HikariPool-1 - Shutdown initiated...
2026-02-04T16:13:56.808+05:30  INFO 9288 --- [Kalakriti-2] [  restartedMain] com.zaxxer.hikari.HikariDataSource       : HikariPool-1 - Shutdown completed.
2026-02-04T16:13:56.824+05:30  INFO 9288 --- [Kalakriti-2] [  restartedMain] .s.b.a.l.ConditionEvaluationReportLogger : 

Error starting ApplicationContext. To display the condition evaluation report re-run your application with 'debug' enabled.
2026-02-04T16:13:56.845+05:30 ERROR 9288 --- [Kalakriti-2] [  restartedMain] o.s.b.d.LoggingFailureAnalysisReporter   : 

***************************
APPLICATION FAILED TO START
***************************

Description:

Web server failed to start. Port 8080 was already in use.

Action:

Identify and stop the process that's listening on port 8080 or configure this application to listen on another port.

[INFO] ------------------------------------------------------------------------
[INFO] BUILD SUCCESS
[INFO] ------------------------------------------------------------------------
[INFO] Total time:  6.919 s
[INFO] Finished at: 2026-02-04T16:13:56+05:30
[INFO] ------------------------------------------------------------------------
