[INFO] Scanning for projects...
[INFO] 
[INFO] -----------------------< com.dipika:Kalakriti-2 >-----------------------
[INFO] Building Kalakriti-2 0.0.1-SNAPSHOT
[INFO]   from pom.xml
[INFO] --------------------------------[ jar ]---------------------------------
[INFO] 
[INFO] >>> spring-boot:3.2.2:run (default-cli) > test-compile @ Kalakriti-2 >>>
[INFO] 
[INFO] --- resources:3.3.1:resources (default-resources) @ Kalakriti-2 ---
[INFO] Copying 1 resource from src\main\resources to target\classes
[INFO] Copying 1 resource from src\main\resources to target\classes
[INFO] 
[INFO] --- compiler:3.11.0:compile (default-compile) @ Kalakriti-2 ---
[INFO] Changes detected - recompiling the module! :source
[INFO] Compiling 47 source files with javac [debug release 17] to target\classes
WARNING: A terminally deprecated method in sun.misc.Unsafe has been called
WARNING: sun.misc.Unsafe::objectFieldOffset has been called by lombok.permit.Permit
WARNING: Please consider reporting this to the maintainers of class lombok.permit.Permit
WARNING: sun.misc.Unsafe::objectFieldOffset will be removed in a future release
[INFO] ------------------------------------------------------------------------
[INFO] BUILD FAILURE
[INFO] ------------------------------------------------------------------------
[INFO] Total time:  2.479 s
[INFO] Finished at: 2026-02-05T21:25:27+05:30
[INFO] ------------------------------------------------------------------------
[ERROR] Failed to execute goal org.apache.maven.plugins:maven-compiler-plugin:3.11.0:compile (default-compile) on project Kalakriti-2: Fatal error compiling: java.lang.ExceptionInInitializerError: com.sun.tools.javac.code.TypeTag :: UNKNOWN -> [Help 1]
[ERROR] 
[ERROR] To see the full stack trace of the errors, re-run Maven with the -e switch.
[ERROR] Re-run Maven using the -X switch to enable full debug logging.
[ERROR] 
[ERROR] For more information about the errors and possible solutions, please read the following articles:
[ERROR] [Help 1] http://cwiki.apache.org/confluence/display/MAVEN/MojoExecutionException
